<?xml version="1.0" encoding="UTF-8"?>
<testsuite name="com.mindex.challenge.service.impl.CompensationServiceImplTest" tests="1" skipped="0" failures="0" errors="0" timestamp="2025-01-28T18:11:11" hostname="WINSTONSWORKSTA" time="0.15">
  <properties/>
  <testcase name="testCreateRead" classname="com.mindex.challenge.service.impl.CompensationServiceImplTest" time="0.15"/>
  <system-out><![CDATA[2025-01-28T13:11:10.785-05:00  INFO 29528 --- [    Test worker] t.c.s.AnnotationConfigContextLoaderUtils : Could not detect default configuration classes for test class [com.mindex.challenge.service.impl.CompensationServiceImplTest]: CompensationServiceImplTest does not declare any static, non-private, non-final, nested classes annotated with @Configuration.
2025-01-28T13:11:10.796-05:00  INFO 29528 --- [    Test worker] .b.t.c.SpringBootTestContextBootstrapper : Found @SpringBootConfiguration com.mindex.challenge.ChallengeApplication for test class com.mindex.challenge.service.impl.CompensationServiceImplTest

  .   ____          _            __ _ _
 /\\ / ___'_ __ _ _(_)_ __  __ _ \ \ \ \
( ( )\___ | '_ | '_| | '_ \/ _` | \ \ \ \
 \\/  ___)| |_)| | | | | || (_| |  ) ) ) )
  '  |____| .__|_| |_|_| |_\__, | / / / /
 =========|_|==============|___/=/_/_/_/
 :: Spring Boot ::                (v3.2.3)

2025-01-28T13:11:10.825-05:00  INFO 29528 --- [    Test worker] c.m.c.s.i.CompensationServiceImplTest    : Starting CompensationServiceImplTest using Java 17.0.12 with PID 29528 (started by besoir in C:\Users\besoir\code\challenge)
2025-01-28T13:11:10.825-05:00 DEBUG 29528 --- [    Test worker] c.m.c.s.i.CompensationServiceImplTest    : Running with Spring Boot v3.2.3, Spring v6.1.4
2025-01-28T13:11:10.825-05:00  INFO 29528 --- [    Test worker] c.m.c.s.i.CompensationServiceImplTest    : No active profile set, falling back to 1 default profile: "default"
2025-01-28T13:11:10.935-05:00  INFO 29528 --- [    Test worker] .s.d.r.c.RepositoryConfigurationDelegate : Bootstrapping Spring Data MongoDB repositories in DEFAULT mode.
2025-01-28T13:11:10.941-05:00  INFO 29528 --- [    Test worker] .s.d.r.c.RepositoryConfigurationDelegate : Finished Spring Data repository scanning in 5 ms. Found 2 MongoDB repository interfaces.
2025-01-28T13:11:11.096-05:00  INFO 29528 --- [    Test worker] o.s.b.w.embedded.tomcat.TomcatWebServer  : Tomcat initialized with port 0 (http)
2025-01-28T13:11:11.109-05:00  INFO 29528 --- [    Test worker] o.apache.catalina.core.StandardService   : Starting service [Tomcat]
2025-01-28T13:11:11.109-05:00  INFO 29528 --- [    Test worker] o.apache.catalina.core.StandardEngine    : Starting Servlet engine: [Apache Tomcat/10.1.19]
2025-01-28T13:11:11.173-05:00  INFO 29528 --- [    Test worker] o.a.c.c.C.[Tomcat].[localhost].[/]       : Initializing Spring embedded WebApplicationContext
2025-01-28T13:11:11.174-05:00  INFO 29528 --- [    Test worker] w.s.c.ServletWebServerApplicationContext : Root WebApplicationContext: initialization completed in 346 ms
2025-01-28T13:11:11.269-05:00  INFO 29528 --- [    Test worker] de.bwaldvogel.mongo.MongoServer          : started MongoServer(port: 50478, ssl: false)
mongodb://127.0.0.1:50478
2025-01-28T13:11:11.272-05:00  INFO 29528 --- [    Test worker] org.mongodb.driver.client                : MongoClient with metadata {"driver": {"name": "mongo-java-driver|sync", "version": "4.11.1"}, "os": {"type": "Windows", "name": "Windows 10", "architecture": "amd64", "version": "10.0"}, "platform": "Java/Oracle Corporation/17.0.12+8-LTS-286"} created with settings MongoClientSettings{readPreference=primary, writeConcern=WriteConcern{w=null, wTimeout=null ms, journal=null}, retryWrites=true, retryReads=true, readConcern=ReadConcern{level=null}, credential=null, transportSettings=null, streamFactoryFactory=null, commandListeners=[], codecRegistry=ProvidersCodecRegistry{codecProviders=[ValueCodecProvider{}, BsonValueCodecProvider{}, DBRefCodecProvider{}, DBObjectCodecProvider{}, DocumentCodecProvider{}, CollectionCodecProvider{}, IterableCodecProvider{}, MapCodecProvider{}, GeoJsonCodecProvider{}, GridFSFileCodecProvider{}, Jsr310CodecProvider{}, JsonObjectCodecProvider{}, BsonCodecProvider{}, EnumCodecProvider{}, com.mongodb.client.model.mql.ExpressionCodecProvider@445821a6, com.mongodb.Jep395RecordCodecProvider@2c0c4c0a, com.mongodb.KotlinCodecProvider@35d26ad2]}, loggerSettings=LoggerSettings{maxDocumentLength=1000}, clusterSettings={hosts=[127.0.0.1:50478], srvServiceName=mongodb, mode=SINGLE, requiredClusterType=UNKNOWN, requiredReplicaSetName='null', serverSelector='null', clusterListeners='[]', serverSelectionTimeout='30000 ms', localThreshold='15 ms'}, socketSettings=SocketSettings{connectTimeoutMS=10000, readTimeoutMS=0, receiveBufferSize=0, proxySettings=ProxySettings{host=null, port=null, username=null, password=null}}, heartbeatSocketSettings=SocketSettings{connectTimeoutMS=10000, readTimeoutMS=10000, receiveBufferSize=0, proxySettings=ProxySettings{host=null, port=null, username=null, password=null}}, connectionPoolSettings=ConnectionPoolSettings{maxSize=100, minSize=0, maxWaitTimeMS=120000, maxConnectionLifeTimeMS=0, maxConnectionIdleTimeMS=0, maintenanceInitialDelayMS=0, maintenanceFrequencyMS=60000, connectionPoolListeners=[], maxConnecting=2}, serverSettings=ServerSettings{heartbeatFrequencyMS=10000, minHeartbeatFrequencyMS=500, serverListeners='[]', serverMonitorListeners='[]'}, sslSettings=SslSettings{enabled=false, invalidHostNameAllowed=false, context=null}, applicationName='null', compressorList=[], uuidRepresentation=UNSPECIFIED, serverApi=null, autoEncryptionSettings=null, dnsClient=null, inetAddressResolver=null, contextProvider=null}
2025-01-28T13:11:11.273-05:00  INFO 29528 --- [-server-worker1] d.b.mongo.wire.MongoWireProtocolHandler  : client [id: 0x8ab6feb8, L:/127.0.0.1:50478 - R:/127.0.0.1:50479] connected
2025-01-28T13:11:11.273-05:00  INFO 29528 --- [-server-worker2] d.b.mongo.wire.MongoWireProtocolHandler  : client [id: 0x429f85db, L:/127.0.0.1:50478 - R:/127.0.0.1:50480] connected
2025-01-28T13:11:11.276-05:00  INFO 29528 --- [127.0.0.1:50478] org.mongodb.driver.cluster               : Monitor thread successfully connected to server with description ServerDescription{address=127.0.0.1:50478, type=STANDALONE, state=CONNECTED, ok=true, minWireVersion=0, maxWireVersion=6, maxDocumentSize=16777216, logicalSessionTimeoutMinutes=null, roundTripTimeNanos=3770100}
2025-01-28T13:11:11.328-05:00  INFO 29528 --- [-server-worker3] d.b.mongo.wire.MongoWireProtocolHandler  : client [id: 0xc337d410, L:/127.0.0.1:50478 - R:/127.0.0.1:50481] connected
2025-01-28T13:11:11.332-05:00  INFO 29528 --- [-server-worker3] d.b.mongo.backend.AbstractMongoBackend   : created database test
2025-01-28T13:11:11.332-05:00  INFO 29528 --- [-server-worker3] d.b.mongo.backend.AbstractMongoDatabase  : adding unique _id index for collection employee
2025-01-28T13:11:11.332-05:00  INFO 29528 --- [-server-worker3] d.b.mongo.backend.AbstractMongoDatabase  : created collection test.employee
2025-01-28T13:11:11.344-05:00  INFO 29528 --- [-server-worker3] d.b.mongo.backend.AbstractMongoDatabase  : adding unique _id index for collection compensation
2025-01-28T13:11:11.344-05:00  INFO 29528 --- [-server-worker3] d.b.mongo.backend.AbstractMongoDatabase  : created collection test.compensation
2025-01-28T13:11:11.431-05:00  INFO 29528 --- [    Test worker] o.s.b.w.embedded.tomcat.TomcatWebServer  : Tomcat started on port 50482 (http) with context path ''
2025-01-28T13:11:11.434-05:00  INFO 29528 --- [    Test worker] c.m.c.s.i.CompensationServiceImplTest    : Started CompensationServiceImplTest in 0.635 seconds (process running for 4.343)
2025-01-28T13:11:11.535-05:00  INFO 29528 --- [o-auto-1-exec-1] o.a.c.c.C.[Tomcat].[localhost].[/]       : Initializing Spring DispatcherServlet 'dispatcherServlet'
2025-01-28T13:11:11.536-05:00  INFO 29528 --- [o-auto-1-exec-1] o.s.web.servlet.DispatcherServlet        : Initializing Servlet 'dispatcherServlet'
2025-01-28T13:11:11.537-05:00  INFO 29528 --- [o-auto-1-exec-1] o.s.web.servlet.DispatcherServlet        : Completed initialization in 0 ms
2025-01-28T13:11:11.571-05:00 DEBUG 29528 --- [o-auto-1-exec-1] c.m.c.controller.CompensationController  : Received employee create request for [com.mindex.challenge.data.Compensation@2e7e80d3]
2025-01-28T13:11:11.571-05:00 DEBUG 29528 --- [o-auto-1-exec-1] c.m.c.s.impl.CompensationServiceImpl     : Creating compensation [com.mindex.challenge.data.Compensation@2e7e80d3]
]]></system-out>
  <system-err><![CDATA[]]></system-err>
</testsuite>
